[0.146s] Invoking command in '/home/zengine/VNAV-labs/lab3/build/tesse_msgs': CMAKE_PREFIX_PATH=${CMAKE_PREFIX_PATH}:/home/zengine/vnav_ws/src/install/tesse_ros_bridge:/opt/ros/humble /usr/bin/cmake /home/zengine/VNAV-labs/lab3/tesse_msgs -DCMAKE_INSTALL_PREFIX=/home/zengine/VNAV-labs/lab3/install/tesse_msgs
[0.930s] -- The C compiler identification is GNU 11.4.0
[1.510s] -- The CXX compiler identification is GNU 11.4.0
[1.517s] -- Detecting C compiler ABI info
[1.681s] -- Detecting C compiler ABI info - done
[1.687s] -- Check for working C compiler: /usr/bin/cc - skipped
[1.687s] -- Detecting C compile features
[1.709s] -- Detecting C compile features - done
[1.710s] -- Detecting CXX compiler ABI info
[1.794s] -- Detecting CXX compiler ABI info - done
[1.798s] -- Check for working CXX compiler: /usr/bin/c++ - skipped
[1.799s] -- Detecting CXX compile features
[1.799s] -- Detecting CXX compile features - done
[1.857s] -- Found ament_cmake: 1.3.11 (/opt/ros/humble/share/ament_cmake/cmake)
[2.033s] -- Found Python3: /usr/bin/python3 (found version "3.10.12") found components: Interpreter 
[2.546s] -- Found geometry_msgs: 4.2.4 (/opt/ros/humble/share/geometry_msgs/cmake)
[2.718s] -- Found rosidl_generator_c: 3.1.6 (/opt/ros/humble/share/rosidl_generator_c/cmake)
[2.722s] -- Found rosidl_adapter: 3.1.6 (/opt/ros/humble/share/rosidl_adapter/cmake)
[2.749s] -- Found rosidl_generator_cpp: 3.1.6 (/opt/ros/humble/share/rosidl_generator_cpp/cmake)
[2.825s] -- Using all available rosidl_typesupport_c: rosidl_typesupport_fastrtps_c;rosidl_typesupport_introspection_c
[2.846s] -- Using all available rosidl_typesupport_cpp: rosidl_typesupport_fastrtps_cpp;rosidl_typesupport_introspection_cpp
[3.206s] -- Found rosidl_default_generators: 1.2.0 (/opt/ros/humble/share/rosidl_default_generators/cmake)
[3.495s] -- Found ament_cmake_ros: 0.10.0 (/opt/ros/humble/share/ament_cmake_ros/cmake)
[3.818s] -- Using all available rosidl_typesupport_c: rosidl_typesupport_fastrtps_c;rosidl_typesupport_introspection_c
[3.923s] -- Using all available rosidl_typesupport_cpp: rosidl_typesupport_fastrtps_cpp;rosidl_typesupport_introspection_cpp
[3.949s] -- Found PythonInterp: /usr/bin/python3 (found suitable version "3.10.12", minimum required is "3.6") 
[3.961s] -- Found python_cmake_module: 0.10.0 (/opt/ros/humble/share/python_cmake_module/cmake)
[4.068s] -- Found PythonLibs: /usr/lib/x86_64-linux-gnu/libpython3.10.so (found suitable version "3.10.12", minimum required is "3.5") 
[4.068s] -- Using PYTHON_EXECUTABLE: /usr/bin/python3
[4.068s] -- Using PYTHON_INCLUDE_DIRS: /usr/include/python3.10
[4.068s] -- Using PYTHON_LIBRARIES: /usr/lib/x86_64-linux-gnu/libpython3.10.so
[4.081s] -- Found PythonExtra: .so  
[4.176s] -- Found ament_lint_auto: 0.12.11 (/opt/ros/humble/share/ament_lint_auto/cmake)
[4.286s] -- Added test 'lint_cmake' to check CMake code style
[4.287s] -- Added test 'xmllint' to check XML markup files
[4.288s] -- Configuring done
[4.307s] -- Generating done
[4.313s] -- Build files have been written to: /home/zengine/VNAV-labs/lab3/build/tesse_msgs
[4.319s] Invoked command in '/home/zengine/VNAV-labs/lab3/build/tesse_msgs' returned '0': CMAKE_PREFIX_PATH=${CMAKE_PREFIX_PATH}:/home/zengine/vnav_ws/src/install/tesse_ros_bridge:/opt/ros/humble /usr/bin/cmake /home/zengine/VNAV-labs/lab3/tesse_msgs -DCMAKE_INSTALL_PREFIX=/home/zengine/VNAV-labs/lab3/install/tesse_msgs
[4.320s] Invoking command in '/home/zengine/VNAV-labs/lab3/build/tesse_msgs': CMAKE_PREFIX_PATH=${CMAKE_PREFIX_PATH}:/home/zengine/vnav_ws/src/install/tesse_ros_bridge:/opt/ros/humble /usr/bin/cmake --build /home/zengine/VNAV-labs/lab3/build/tesse_msgs -- -j20 -l20
[4.345s] [  1%] [34m[1mGenerating C code for ROS interfaces[0m
[4.349s] [  3%] [34m[1mGenerating C++ code for ROS interfaces[0m
[4.354s] [  3%] Built target ament_cmake_python_copy_tesse_msgs
[4.475s] running egg_info
[4.475s] creating tesse_msgs.egg-info
[4.476s] writing tesse_msgs.egg-info/PKG-INFO
[4.476s] writing dependency_links to tesse_msgs.egg-info/dependency_links.txt
[4.476s] writing top-level names to tesse_msgs.egg-info/top_level.txt
[4.476s] writing manifest file 'tesse_msgs.egg-info/SOURCES.txt'
[4.477s] reading manifest file 'tesse_msgs.egg-info/SOURCES.txt'
[4.477s] writing manifest file 'tesse_msgs.egg-info/SOURCES.txt'
[4.493s] [  3%] Built target ament_cmake_python_build_tesse_msgs_egg
[4.654s] [  5%] [32mBuilding C object CMakeFiles/tesse_msgs__rosidl_generator_c.dir/rosidl_generator_c/tesse_msgs/srv/detail/reposition_request_service__functions.c.o[0m
[4.654s] [  9%] [32mBuilding C object CMakeFiles/tesse_msgs__rosidl_generator_c.dir/rosidl_generator_c/tesse_msgs/msg/detail/collision_stats__functions.c.o[0m
[4.654s] [  9%] [32mBuilding C object CMakeFiles/tesse_msgs__rosidl_generator_c.dir/rosidl_generator_c/tesse_msgs/srv/detail/object_spawn_request_service__functions.c.o[0m
[4.656s] [ 10%] [32mBuilding C object CMakeFiles/tesse_msgs__rosidl_generator_c.dir/rosidl_generator_c/tesse_msgs/srv/detail/scene_request_service__functions.c.o[0m
[4.664s] [ 10%] Built target tesse_msgs__cpp
[4.670s] [ 12%] [34m[1mGenerating C++ introspection for ROS interfaces[0m
[4.670s] [ 16%] [34m[1mGenerating C++ type support dispatch for ROS interfaces[0m
[4.670s] [ 16%] [34m[1mGenerating C++ type support for eProsima Fast-RTPS[0m
[4.903s] [ 20%] [32mBuilding CXX object CMakeFiles/tesse_msgs__rosidl_typesupport_cpp.dir/rosidl_typesupport_cpp/tesse_msgs/srv/scene_request_service__type_support.cpp.o[0m
[4.903s] [ 20%] [32mBuilding CXX object CMakeFiles/tesse_msgs__rosidl_typesupport_cpp.dir/rosidl_typesupport_cpp/tesse_msgs/srv/reposition_request_service__type_support.cpp.o[0m
[4.904s] [ 21%] [32mBuilding CXX object CMakeFiles/tesse_msgs__rosidl_typesupport_cpp.dir/rosidl_typesupport_cpp/tesse_msgs/msg/collision_stats__type_support.cpp.o[0m
[4.905s] [ 23%] [32mBuilding CXX object CMakeFiles/tesse_msgs__rosidl_typesupport_cpp.dir/rosidl_typesupport_cpp/tesse_msgs/srv/object_spawn_request_service__type_support.cpp.o[0m
[4.971s] [ 25%] [32mBuilding CXX object CMakeFiles/tesse_msgs__rosidl_typesupport_fastrtps_cpp.dir/rosidl_typesupport_fastrtps_cpp/tesse_msgs/srv/detail/dds_fastrtps/object_spawn_request_service__type_support.cpp.o[0m
[4.974s] [ 27%] [32mBuilding CXX object CMakeFiles/tesse_msgs__rosidl_typesupport_fastrtps_cpp.dir/rosidl_typesupport_fastrtps_cpp/tesse_msgs/msg/detail/dds_fastrtps/collision_stats__type_support.cpp.o[0m
[4.974s] [ 30%] [32mBuilding CXX object CMakeFiles/tesse_msgs__rosidl_typesupport_fastrtps_cpp.dir/rosidl_typesupport_fastrtps_cpp/tesse_msgs/srv/detail/dds_fastrtps/reposition_request_service__type_support.cpp.o[0m
[4.974s] [ 30%] [32mBuilding CXX object CMakeFiles/tesse_msgs__rosidl_typesupport_fastrtps_cpp.dir/rosidl_typesupport_fastrtps_cpp/tesse_msgs/srv/detail/dds_fastrtps/scene_request_service__type_support.cpp.o[0m
[4.984s] [ 38%] [32mBuilding CXX object CMakeFiles/tesse_msgs__rosidl_typesupport_introspection_cpp.dir/rosidl_typesupport_introspection_cpp/tesse_msgs/srv/detail/scene_request_service__type_support.cpp.o[0m
[4.984s] [ 38%] [32mBuilding CXX object CMakeFiles/tesse_msgs__rosidl_typesupport_introspection_cpp.dir/rosidl_typesupport_introspection_cpp/tesse_msgs/srv/detail/object_spawn_request_service__type_support.cpp.o[0m
[4.984s] [ 38%] [32mBuilding CXX object CMakeFiles/tesse_msgs__rosidl_typesupport_introspection_cpp.dir/rosidl_typesupport_introspection_cpp/tesse_msgs/srv/detail/reposition_request_service__type_support.cpp.o[0m
[4.984s] [ 38%] [32mBuilding CXX object CMakeFiles/tesse_msgs__rosidl_typesupport_introspection_cpp.dir/rosidl_typesupport_introspection_cpp/tesse_msgs/msg/detail/collision_stats__type_support.cpp.o[0m
[5.041s] [ 40%] [32m[1mLinking C shared library libtesse_msgs__rosidl_generator_c.so[0m
[5.063s] [ 40%] Built target tesse_msgs__rosidl_generator_c
[5.068s] [ 41%] [34m[1mGenerating C type support dispatch for ROS interfaces[0m
[5.069s] [ 43%] [34m[1mGenerating C type support for eProsima Fast-RTPS[0m
[5.069s] [ 45%] [34m[1mGenerating C introspection for ROS interfaces[0m
[5.308s] [ 47%] [32mBuilding CXX object CMakeFiles/tesse_msgs__rosidl_typesupport_c.dir/rosidl_typesupport_c/tesse_msgs/msg/collision_stats__type_support.cpp.o[0m
[5.309s] [ 50%] [32mBuilding CXX object CMakeFiles/tesse_msgs__rosidl_typesupport_c.dir/rosidl_typesupport_c/tesse_msgs/srv/reposition_request_service__type_support.cpp.o[0m
[5.309s] [ 50%] [32mBuilding CXX object CMakeFiles/tesse_msgs__rosidl_typesupport_c.dir/rosidl_typesupport_c/tesse_msgs/srv/scene_request_service__type_support.cpp.o[0m
[5.310s] [ 52%] [32mBuilding CXX object CMakeFiles/tesse_msgs__rosidl_typesupport_c.dir/rosidl_typesupport_c/tesse_msgs/srv/object_spawn_request_service__type_support.cpp.o[0m
[5.396s] [ 54%] [32mBuilding CXX object CMakeFiles/tesse_msgs__rosidl_typesupport_fastrtps_c.dir/rosidl_typesupport_fastrtps_c/tesse_msgs/srv/detail/reposition_request_service__type_support_c.cpp.o[0m
[5.396s] [ 56%] [32mBuilding CXX object CMakeFiles/tesse_msgs__rosidl_typesupport_fastrtps_c.dir/rosidl_typesupport_fastrtps_c/tesse_msgs/msg/detail/collision_stats__type_support_c.cpp.o[0m
[5.396s] [ 58%] [32mBuilding CXX object CMakeFiles/tesse_msgs__rosidl_typesupport_fastrtps_c.dir/rosidl_typesupport_fastrtps_c/tesse_msgs/srv/detail/object_spawn_request_service__type_support_c.cpp.o[0m
[5.449s] [ 60%] [32mBuilding C object CMakeFiles/tesse_msgs__rosidl_typesupport_introspection_c.dir/rosidl_typesupport_introspection_c/tesse_msgs/msg/detail/collision_stats__type_support.c.o[0m
[5.457s] [ 61%] [32mBuilding CXX object CMakeFiles/tesse_msgs__rosidl_typesupport_fastrtps_c.dir/rosidl_typesupport_fastrtps_c/tesse_msgs/srv/detail/scene_request_service__type_support_c.cpp.o[0m
[5.458s] [ 63%] [32mBuilding C object CMakeFiles/tesse_msgs__rosidl_typesupport_introspection_c.dir/rosidl_typesupport_introspection_c/tesse_msgs/srv/detail/object_spawn_request_service__type_support.c.o[0m
[5.459s] [ 65%] [32mBuilding C object CMakeFiles/tesse_msgs__rosidl_typesupport_introspection_c.dir/rosidl_typesupport_introspection_c/tesse_msgs/srv/detail/reposition_request_service__type_support.c.o[0m
[5.459s] [ 67%] [32m[1mLinking CXX shared library libtesse_msgs__rosidl_typesupport_c.so[0m
[5.492s] [ 67%] Built target tesse_msgs__rosidl_typesupport_c
[5.497s] [ 69%] [32mBuilding C object CMakeFiles/tesse_msgs__rosidl_typesupport_introspection_c.dir/rosidl_typesupport_introspection_c/tesse_msgs/srv/detail/scene_request_service__type_support.c.o[0m
[5.524s] [ 70%] [32m[1mLinking C shared library libtesse_msgs__rosidl_typesupport_introspection_c.so[0m
[5.546s] [ 70%] Built target tesse_msgs__rosidl_typesupport_introspection_c
[5.758s] [ 72%] [32m[1mLinking CXX shared library libtesse_msgs__rosidl_typesupport_cpp.so[0m
[5.842s] [ 72%] Built target tesse_msgs__rosidl_typesupport_cpp
[5.894s] [ 74%] [32m[1mLinking CXX shared library libtesse_msgs__rosidl_typesupport_fastrtps_c.so[0m
[5.902s] [ 76%] [32m[1mLinking CXX shared library libtesse_msgs__rosidl_typesupport_introspection_cpp.so[0m
[5.940s] [ 76%] Built target tesse_msgs__rosidl_typesupport_fastrtps_c
[5.964s] [ 78%] [32m[1mLinking CXX shared library libtesse_msgs__rosidl_typesupport_fastrtps_cpp.so[0m
[5.964s] [ 78%] Built target tesse_msgs__rosidl_typesupport_introspection_cpp
[6.011s] [ 78%] Built target tesse_msgs__rosidl_typesupport_fastrtps_cpp
[6.022s] [ 78%] Built target tesse_msgs
[6.034s] [ 80%] [34m[1mGenerating Python code for ROS interfaces[0m
[6.492s] [ 80%] Built target tesse_msgs__py
[6.504s] [ 81%] [32mBuilding C object CMakeFiles/tesse_msgs__rosidl_generator_py.dir/rosidl_generator_py/tesse_msgs/msg/_collision_stats_s.c.o[0m
[6.504s] [ 83%] [32mBuilding C object CMakeFiles/tesse_msgs__rosidl_generator_py.dir/rosidl_generator_py/tesse_msgs/srv/_reposition_request_service_s.c.o[0m
[6.505s] [ 85%] [32mBuilding C object CMakeFiles/tesse_msgs__rosidl_generator_py.dir/rosidl_generator_py/tesse_msgs/srv/_scene_request_service_s.c.o[0m
[6.506s] [ 87%] [32mBuilding C object CMakeFiles/tesse_msgs__rosidl_generator_py.dir/rosidl_generator_py/tesse_msgs/srv/_object_spawn_request_service_s.c.o[0m
[6.973s] [ 89%] [32m[1mLinking C shared library rosidl_generator_py/tesse_msgs/libtesse_msgs__rosidl_generator_py.so[0m
[7.008s] [ 89%] Built target tesse_msgs__rosidl_generator_py
[7.019s] [ 90%] [32mBuilding C object CMakeFiles/tesse_msgs__rosidl_typesupport_fastrtps_c__pyext.dir/rosidl_generator_py/tesse_msgs/_tesse_msgs_s.ep.rosidl_typesupport_fastrtps_c.c.o[0m
[7.033s] [ 94%] [32mBuilding C object CMakeFiles/tesse_msgs__rosidl_typesupport_c__pyext.dir/rosidl_generator_py/tesse_msgs/_tesse_msgs_s.ep.rosidl_typesupport_c.c.o[0m
[7.033s] [ 94%] [32mBuilding C object CMakeFiles/tesse_msgs__rosidl_typesupport_introspection_c__pyext.dir/rosidl_generator_py/tesse_msgs/_tesse_msgs_s.ep.rosidl_typesupport_introspection_c.c.o[0m
[7.081s] [ 96%] [32m[1mLinking C shared library rosidl_generator_py/tesse_msgs/tesse_msgs_s__rosidl_typesupport_fastrtps_c.cpython-310-x86_64-linux-gnu.so[0m
[7.093s] [ 98%] [32m[1mLinking C shared library rosidl_generator_py/tesse_msgs/tesse_msgs_s__rosidl_typesupport_introspection_c.cpython-310-x86_64-linux-gnu.so[0m
[7.094s] [100%] [32m[1mLinking C shared library rosidl_generator_py/tesse_msgs/tesse_msgs_s__rosidl_typesupport_c.cpython-310-x86_64-linux-gnu.so[0m
[7.104s] [100%] Built target tesse_msgs__rosidl_typesupport_fastrtps_c__pyext
[7.115s] [100%] Built target tesse_msgs__rosidl_typesupport_introspection_c__pyext
[7.121s] [100%] Built target tesse_msgs__rosidl_typesupport_c__pyext
[7.130s] Invoked command in '/home/zengine/VNAV-labs/lab3/build/tesse_msgs' returned '0': CMAKE_PREFIX_PATH=${CMAKE_PREFIX_PATH}:/home/zengine/vnav_ws/src/install/tesse_ros_bridge:/opt/ros/humble /usr/bin/cmake --build /home/zengine/VNAV-labs/lab3/build/tesse_msgs -- -j20 -l20
[7.136s] Invoking command in '/home/zengine/VNAV-labs/lab3/build/tesse_msgs': CMAKE_PREFIX_PATH=${CMAKE_PREFIX_PATH}:/home/zengine/vnav_ws/src/install/tesse_ros_bridge:/opt/ros/humble /usr/bin/cmake --install /home/zengine/VNAV-labs/lab3/build/tesse_msgs
[7.141s] -- Install configuration: ""
[7.141s] -- Installing: /home/zengine/VNAV-labs/lab3/install/tesse_msgs/share/ament_index/resource_index/rosidl_interfaces/tesse_msgs
[7.141s] -- Installing: /home/zengine/VNAV-labs/lab3/install/tesse_msgs/include/tesse_msgs/tesse_msgs
[7.141s] -- Installing: /home/zengine/VNAV-labs/lab3/install/tesse_msgs/include/tesse_msgs/tesse_msgs/srv
[7.141s] -- Installing: /home/zengine/VNAV-labs/lab3/install/tesse_msgs/include/tesse_msgs/tesse_msgs/srv/object_spawn_request_service.h
[7.141s] -- Installing: /home/zengine/VNAV-labs/lab3/install/tesse_msgs/include/tesse_msgs/tesse_msgs/srv/reposition_request_service.h
[7.141s] -- Installing: /home/zengine/VNAV-labs/lab3/install/tesse_msgs/include/tesse_msgs/tesse_msgs/srv/detail
[7.141s] -- Installing: /home/zengine/VNAV-labs/lab3/install/tesse_msgs/include/tesse_msgs/tesse_msgs/srv/detail/object_spawn_request_service__type_support.h
[7.141s] -- Installing: /home/zengine/VNAV-labs/lab3/install/tesse_msgs/include/tesse_msgs/tesse_msgs/srv/detail/reposition_request_service__functions.c
[7.141s] -- Installing: /home/zengine/VNAV-labs/lab3/install/tesse_msgs/include/tesse_msgs/tesse_msgs/srv/detail/scene_request_service__functions.c
[7.141s] -- Installing: /home/zengine/VNAV-labs/lab3/install/tesse_msgs/include/tesse_msgs/tesse_msgs/srv/detail/object_spawn_request_service__struct.h
[7.141s] -- Installing: /home/zengine/VNAV-labs/lab3/install/tesse_msgs/include/tesse_msgs/tesse_msgs/srv/detail/reposition_request_service__struct.h
[7.142s] -- Installing: /home/zengine/VNAV-labs/lab3/install/tesse_msgs/include/tesse_msgs/tesse_msgs/srv/detail/object_spawn_request_service__functions.h
[7.142s] -- Installing: /home/zengine/VNAV-labs/lab3/install/tesse_msgs/include/tesse_msgs/tesse_msgs/srv/detail/object_spawn_request_service__functions.c
[7.142s] -- Installing: /home/zengine/VNAV-labs/lab3/install/tesse_msgs/include/tesse_msgs/tesse_msgs/srv/detail/reposition_request_service__type_support.h
[7.142s] -- Installing: /home/zengine/VNAV-labs/lab3/install/tesse_msgs/include/tesse_msgs/tesse_msgs/srv/detail/scene_request_service__struct.h
[7.142s] -- Installing: /home/zengine/VNAV-labs/lab3/install/tesse_msgs/include/tesse_msgs/tesse_msgs/srv/detail/scene_request_service__functions.h
[7.142s] -- Installing: /home/zengine/VNAV-labs/lab3/install/tesse_msgs/include/tesse_msgs/tesse_msgs/srv/detail/reposition_request_service__functions.h
[7.142s] -- Installing: /home/zengine/VNAV-labs/lab3/install/tesse_msgs/include/tesse_msgs/tesse_msgs/srv/detail/scene_request_service__type_support.h
[7.142s] -- Installing: /home/zengine/VNAV-labs/lab3/install/tesse_msgs/include/tesse_msgs/tesse_msgs/srv/scene_request_service.h
[7.142s] -- Installing: /home/zengine/VNAV-labs/lab3/install/tesse_msgs/include/tesse_msgs/tesse_msgs/msg
[7.142s] -- Installing: /home/zengine/VNAV-labs/lab3/install/tesse_msgs/include/tesse_msgs/tesse_msgs/msg/collision_stats.h
[7.142s] -- Installing: /home/zengine/VNAV-labs/lab3/install/tesse_msgs/include/tesse_msgs/tesse_msgs/msg/detail
[7.142s] -- Installing: /home/zengine/VNAV-labs/lab3/install/tesse_msgs/include/tesse_msgs/tesse_msgs/msg/detail/collision_stats__struct.h
[7.142s] -- Installing: /home/zengine/VNAV-labs/lab3/install/tesse_msgs/include/tesse_msgs/tesse_msgs/msg/detail/collision_stats__type_support.h
[7.142s] -- Installing: /home/zengine/VNAV-labs/lab3/install/tesse_msgs/include/tesse_msgs/tesse_msgs/msg/detail/collision_stats__functions.h
[7.142s] -- Installing: /home/zengine/VNAV-labs/lab3/install/tesse_msgs/include/tesse_msgs/tesse_msgs/msg/detail/collision_stats__functions.c
[7.142s] -- Installing: /home/zengine/VNAV-labs/lab3/install/tesse_msgs/include/tesse_msgs/tesse_msgs/msg/rosidl_generator_c__visibility_control.h
[7.142s] -- Installing: /home/zengine/VNAV-labs/lab3/install/tesse_msgs/share/tesse_msgs/environment/library_path.sh
[7.142s] -- Installing: /home/zengine/VNAV-labs/lab3/install/tesse_msgs/share/tesse_msgs/environment/library_path.dsv
[7.142s] -- Installing: /home/zengine/VNAV-labs/lab3/install/tesse_msgs/lib/libtesse_msgs__rosidl_generator_c.so
[7.142s] -- Set runtime path of "/home/zengine/VNAV-labs/lab3/install/tesse_msgs/lib/libtesse_msgs__rosidl_generator_c.so" to ""
[7.142s] -- Up-to-date: /home/zengine/VNAV-labs/lab3/install/tesse_msgs/include/tesse_msgs/tesse_msgs
[7.142s] -- Up-to-date: /home/zengine/VNAV-labs/lab3/install/tesse_msgs/include/tesse_msgs/tesse_msgs/srv
[7.142s] -- Up-to-date: /home/zengine/VNAV-labs/lab3/install/tesse_msgs/include/tesse_msgs/tesse_msgs/srv/detail
[7.142s] -- Installing: /home/zengine/VNAV-labs/lab3/install/tesse_msgs/include/tesse_msgs/tesse_msgs/srv/detail/reposition_request_service__rosidl_typesupport_fastrtps_c.h
[7.142s] -- Installing: /home/zengine/VNAV-labs/lab3/install/tesse_msgs/include/tesse_msgs/tesse_msgs/srv/detail/scene_request_service__rosidl_typesupport_fastrtps_c.h
[7.142s] -- Installing: /home/zengine/VNAV-labs/lab3/install/tesse_msgs/include/tesse_msgs/tesse_msgs/srv/detail/object_spawn_request_service__rosidl_typesupport_fastrtps_c.h
[7.142s] -- Up-to-date: /home/zengine/VNAV-labs/lab3/install/tesse_msgs/include/tesse_msgs/tesse_msgs/msg
[7.143s] -- Installing: /home/zengine/VNAV-labs/lab3/install/tesse_msgs/include/tesse_msgs/tesse_msgs/msg/rosidl_typesupport_fastrtps_c__visibility_control.h
[7.143s] -- Up-to-date: /home/zengine/VNAV-labs/lab3/install/tesse_msgs/include/tesse_msgs/tesse_msgs/msg/detail
[7.143s] -- Installing: /home/zengine/VNAV-labs/lab3/install/tesse_msgs/include/tesse_msgs/tesse_msgs/msg/detail/collision_stats__rosidl_typesupport_fastrtps_c.h
[7.143s] -- Installing: /home/zengine/VNAV-labs/lab3/install/tesse_msgs/lib/libtesse_msgs__rosidl_typesupport_fastrtps_c.so
[7.143s] -- Set runtime path of "/home/zengine/VNAV-labs/lab3/install/tesse_msgs/lib/libtesse_msgs__rosidl_typesupport_fastrtps_c.so" to ""
[7.143s] -- Up-to-date: /home/zengine/VNAV-labs/lab3/install/tesse_msgs/include/tesse_msgs/tesse_msgs
[7.143s] -- Up-to-date: /home/zengine/VNAV-labs/lab3/install/tesse_msgs/include/tesse_msgs/tesse_msgs/srv
[7.143s] -- Up-to-date: /home/zengine/VNAV-labs/lab3/install/tesse_msgs/include/tesse_msgs/tesse_msgs/srv/detail
[7.143s] -- Installing: /home/zengine/VNAV-labs/lab3/install/tesse_msgs/include/tesse_msgs/tesse_msgs/srv/detail/reposition_request_service__struct.hpp
[7.143s] -- Installing: /home/zengine/VNAV-labs/lab3/install/tesse_msgs/include/tesse_msgs/tesse_msgs/srv/detail/object_spawn_request_service__traits.hpp
[7.143s] -- Installing: /home/zengine/VNAV-labs/lab3/install/tesse_msgs/include/tesse_msgs/tesse_msgs/srv/detail/object_spawn_request_service__builder.hpp
[7.143s] -- Installing: /home/zengine/VNAV-labs/lab3/install/tesse_msgs/include/tesse_msgs/tesse_msgs/srv/detail/object_spawn_request_service__struct.hpp
[7.143s] -- Installing: /home/zengine/VNAV-labs/lab3/install/tesse_msgs/include/tesse_msgs/tesse_msgs/srv/detail/reposition_request_service__builder.hpp
[7.143s] -- Installing: /home/zengine/VNAV-labs/lab3/install/tesse_msgs/include/tesse_msgs/tesse_msgs/srv/detail/reposition_request_service__traits.hpp
[7.143s] -- Installing: /home/zengine/VNAV-labs/lab3/install/tesse_msgs/include/tesse_msgs/tesse_msgs/srv/detail/reposition_request_service__type_support.hpp
[7.143s] -- Installing: /home/zengine/VNAV-labs/lab3/install/tesse_msgs/include/tesse_msgs/tesse_msgs/srv/detail/scene_request_service__builder.hpp
[7.143s] -- Installing: /home/zengine/VNAV-labs/lab3/install/tesse_msgs/include/tesse_msgs/tesse_msgs/srv/detail/scene_request_service__struct.hpp
[7.143s] -- Installing: /home/zengine/VNAV-labs/lab3/install/tesse_msgs/include/tesse_msgs/tesse_msgs/srv/detail/scene_request_service__traits.hpp
[7.143s] -- Installing: /home/zengine/VNAV-labs/lab3/install/tesse_msgs/include/tesse_msgs/tesse_msgs/srv/detail/object_spawn_request_service__type_support.hpp
[7.143s] -- Installing: /home/zengine/VNAV-labs/lab3/install/tesse_msgs/include/tesse_msgs/tesse_msgs/srv/detail/scene_request_service__type_support.hpp
[7.143s] -- Installing: /home/zengine/VNAV-labs/lab3/install/tesse_msgs/include/tesse_msgs/tesse_msgs/srv/scene_request_service.hpp
[7.143s] -- Installing: /home/zengine/VNAV-labs/lab3/install/tesse_msgs/include/tesse_msgs/tesse_msgs/srv/reposition_request_service.hpp
[7.143s] -- Installing: /home/zengine/VNAV-labs/lab3/install/tesse_msgs/include/tesse_msgs/tesse_msgs/srv/object_spawn_request_service.hpp
[7.143s] -- Up-to-date: /home/zengine/VNAV-labs/lab3/install/tesse_msgs/include/tesse_msgs/tesse_msgs/msg
[7.143s] -- Up-to-date: /home/zengine/VNAV-labs/lab3/install/tesse_msgs/include/tesse_msgs/tesse_msgs/msg/detail
[7.143s] -- Installing: /home/zengine/VNAV-labs/lab3/install/tesse_msgs/include/tesse_msgs/tesse_msgs/msg/detail/collision_stats__traits.hpp
[7.143s] -- Installing: /home/zengine/VNAV-labs/lab3/install/tesse_msgs/include/tesse_msgs/tesse_msgs/msg/detail/collision_stats__type_support.hpp
[7.143s] -- Installing: /home/zengine/VNAV-labs/lab3/install/tesse_msgs/include/tesse_msgs/tesse_msgs/msg/detail/collision_stats__builder.hpp
[7.143s] -- Installing: /home/zengine/VNAV-labs/lab3/install/tesse_msgs/include/tesse_msgs/tesse_msgs/msg/detail/collision_stats__struct.hpp
[7.143s] -- Installing: /home/zengine/VNAV-labs/lab3/install/tesse_msgs/include/tesse_msgs/tesse_msgs/msg/collision_stats.hpp
[7.143s] -- Installing: /home/zengine/VNAV-labs/lab3/install/tesse_msgs/include/tesse_msgs/tesse_msgs/msg/rosidl_generator_cpp__visibility_control.hpp
[7.144s] -- Up-to-date: /home/zengine/VNAV-labs/lab3/install/tesse_msgs/include/tesse_msgs/tesse_msgs
[7.144s] -- Up-to-date: /home/zengine/VNAV-labs/lab3/install/tesse_msgs/include/tesse_msgs/tesse_msgs/srv
[7.144s] -- Up-to-date: /home/zengine/VNAV-labs/lab3/install/tesse_msgs/include/tesse_msgs/tesse_msgs/srv/detail
[7.144s] -- Installing: /home/zengine/VNAV-labs/lab3/install/tesse_msgs/include/tesse_msgs/tesse_msgs/srv/detail/object_spawn_request_service__rosidl_typesupport_fastrtps_cpp.hpp
[7.144s] -- Installing: /home/zengine/VNAV-labs/lab3/install/tesse_msgs/include/tesse_msgs/tesse_msgs/srv/detail/reposition_request_service__rosidl_typesupport_fastrtps_cpp.hpp
[7.144s] -- Installing: /home/zengine/VNAV-labs/lab3/install/tesse_msgs/include/tesse_msgs/tesse_msgs/srv/detail/dds_fastrtps
[7.144s] -- Installing: /home/zengine/VNAV-labs/lab3/install/tesse_msgs/include/tesse_msgs/tesse_msgs/srv/detail/scene_request_service__rosidl_typesupport_fastrtps_cpp.hpp
[7.144s] -- Up-to-date: /home/zengine/VNAV-labs/lab3/install/tesse_msgs/include/tesse_msgs/tesse_msgs/msg
[7.144s] -- Up-to-date: /home/zengine/VNAV-labs/lab3/install/tesse_msgs/include/tesse_msgs/tesse_msgs/msg/detail
[7.144s] -- Installing: /home/zengine/VNAV-labs/lab3/install/tesse_msgs/include/tesse_msgs/tesse_msgs/msg/detail/collision_stats__rosidl_typesupport_fastrtps_cpp.hpp
[7.144s] -- Installing: /home/zengine/VNAV-labs/lab3/install/tesse_msgs/include/tesse_msgs/tesse_msgs/msg/detail/dds_fastrtps
[7.144s] -- Installing: /home/zengine/VNAV-labs/lab3/install/tesse_msgs/include/tesse_msgs/tesse_msgs/msg/rosidl_typesupport_fastrtps_cpp__visibility_control.h
[7.144s] -- Installing: /home/zengine/VNAV-labs/lab3/install/tesse_msgs/lib/libtesse_msgs__rosidl_typesupport_fastrtps_cpp.so
[7.144s] -- Set runtime path of "/home/zengine/VNAV-labs/lab3/install/tesse_msgs/lib/libtesse_msgs__rosidl_typesupport_fastrtps_cpp.so" to ""
[7.144s] -- Up-to-date: /home/zengine/VNAV-labs/lab3/install/tesse_msgs/include/tesse_msgs/tesse_msgs
[7.144s] -- Up-to-date: /home/zengine/VNAV-labs/lab3/install/tesse_msgs/include/tesse_msgs/tesse_msgs/srv
[7.144s] -- Up-to-date: /home/zengine/VNAV-labs/lab3/install/tesse_msgs/include/tesse_msgs/tesse_msgs/srv/detail
[7.144s] -- Installing: /home/zengine/VNAV-labs/lab3/install/tesse_msgs/include/tesse_msgs/tesse_msgs/srv/detail/reposition_request_service__type_support.c
[7.144s] -- Installing: /home/zengine/VNAV-labs/lab3/install/tesse_msgs/include/tesse_msgs/tesse_msgs/srv/detail/scene_request_service__type_support.c
[7.144s] -- Installing: /home/zengine/VNAV-labs/lab3/install/tesse_msgs/include/tesse_msgs/tesse_msgs/srv/detail/scene_request_service__rosidl_typesupport_introspection_c.h
[7.144s] -- Installing: /home/zengine/VNAV-labs/lab3/install/tesse_msgs/include/tesse_msgs/tesse_msgs/srv/detail/reposition_request_service__rosidl_typesupport_introspection_c.h
[7.144s] -- Installing: /home/zengine/VNAV-labs/lab3/install/tesse_msgs/include/tesse_msgs/tesse_msgs/srv/detail/object_spawn_request_service__rosidl_typesupport_introspection_c.h
[7.144s] -- Installing: /home/zengine/VNAV-labs/lab3/install/tesse_msgs/include/tesse_msgs/tesse_msgs/srv/detail/object_spawn_request_service__type_support.c
[7.144s] -- Up-to-date: /home/zengine/VNAV-labs/lab3/install/tesse_msgs/include/tesse_msgs/tesse_msgs/msg
[7.144s] -- Up-to-date: /home/zengine/VNAV-labs/lab3/install/tesse_msgs/include/tesse_msgs/tesse_msgs/msg/detail
[7.144s] -- Installing: /home/zengine/VNAV-labs/lab3/install/tesse_msgs/include/tesse_msgs/tesse_msgs/msg/detail/collision_stats__type_support.c
[7.144s] -- Installing: /home/zengine/VNAV-labs/lab3/install/tesse_msgs/include/tesse_msgs/tesse_msgs/msg/detail/collision_stats__rosidl_typesupport_introspection_c.h
[7.144s] -- Installing: /home/zengine/VNAV-labs/lab3/install/tesse_msgs/include/tesse_msgs/tesse_msgs/msg/rosidl_typesupport_introspection_c__visibility_control.h
[7.144s] -- Installing: /home/zengine/VNAV-labs/lab3/install/tesse_msgs/lib/libtesse_msgs__rosidl_typesupport_introspection_c.so
[7.144s] -- Set runtime path of "/home/zengine/VNAV-labs/lab3/install/tesse_msgs/lib/libtesse_msgs__rosidl_typesupport_introspection_c.so" to ""
[7.144s] -- Installing: /home/zengine/VNAV-labs/lab3/install/tesse_msgs/lib/libtesse_msgs__rosidl_typesupport_c.so
[7.145s] -- Set runtime path of "/home/zengine/VNAV-labs/lab3/install/tesse_msgs/lib/libtesse_msgs__rosidl_typesupport_c.so" to ""
[7.145s] -- Up-to-date: /home/zengine/VNAV-labs/lab3/install/tesse_msgs/include/tesse_msgs/tesse_msgs
[7.145s] -- Up-to-date: /home/zengine/VNAV-labs/lab3/install/tesse_msgs/include/tesse_msgs/tesse_msgs/srv
[7.145s] -- Up-to-date: /home/zengine/VNAV-labs/lab3/install/tesse_msgs/include/tesse_msgs/tesse_msgs/srv/detail
[7.145s] -- Installing: /home/zengine/VNAV-labs/lab3/install/tesse_msgs/include/tesse_msgs/tesse_msgs/srv/detail/reposition_request_service__type_support.cpp
[7.145s] -- Installing: /home/zengine/VNAV-labs/lab3/install/tesse_msgs/include/tesse_msgs/tesse_msgs/srv/detail/object_spawn_request_service__rosidl_typesupport_introspection_cpp.hpp
[7.145s] -- Installing: /home/zengine/VNAV-labs/lab3/install/tesse_msgs/include/tesse_msgs/tesse_msgs/srv/detail/scene_request_service__rosidl_typesupport_introspection_cpp.hpp
[7.145s] -- Installing: /home/zengine/VNAV-labs/lab3/install/tesse_msgs/include/tesse_msgs/tesse_msgs/srv/detail/reposition_request_service__rosidl_typesupport_introspection_cpp.hpp
[7.145s] -- Installing: /home/zengine/VNAV-labs/lab3/install/tesse_msgs/include/tesse_msgs/tesse_msgs/srv/detail/object_spawn_request_service__type_support.cpp
[7.145s] -- Installing: /home/zengine/VNAV-labs/lab3/install/tesse_msgs/include/tesse_msgs/tesse_msgs/srv/detail/scene_request_service__type_support.cpp
[7.145s] -- Up-to-date: /home/zengine/VNAV-labs/lab3/install/tesse_msgs/include/tesse_msgs/tesse_msgs/msg
[7.145s] -- Up-to-date: /home/zengine/VNAV-labs/lab3/install/tesse_msgs/include/tesse_msgs/tesse_msgs/msg/detail
[7.145s] -- Installing: /home/zengine/VNAV-labs/lab3/install/tesse_msgs/include/tesse_msgs/tesse_msgs/msg/detail/collision_stats__rosidl_typesupport_introspection_cpp.hpp
[7.145s] -- Installing: /home/zengine/VNAV-labs/lab3/install/tesse_msgs/include/tesse_msgs/tesse_msgs/msg/detail/collision_stats__type_support.cpp
[7.145s] -- Installing: /home/zengine/VNAV-labs/lab3/install/tesse_msgs/lib/libtesse_msgs__rosidl_typesupport_introspection_cpp.so
[7.145s] -- Set runtime path of "/home/zengine/VNAV-labs/lab3/install/tesse_msgs/lib/libtesse_msgs__rosidl_typesupport_introspection_cpp.so" to ""
[7.145s] -- Installing: /home/zengine/VNAV-labs/lab3/install/tesse_msgs/lib/libtesse_msgs__rosidl_typesupport_cpp.so
[7.145s] -- Set runtime path of "/home/zengine/VNAV-labs/lab3/install/tesse_msgs/lib/libtesse_msgs__rosidl_typesupport_cpp.so" to ""
[7.145s] -- Installing: /home/zengine/VNAV-labs/lab3/install/tesse_msgs/share/tesse_msgs/environment/pythonpath.sh
[7.145s] -- Installing: /home/zengine/VNAV-labs/lab3/install/tesse_msgs/share/tesse_msgs/environment/pythonpath.dsv
[7.145s] -- Installing: /home/zengine/VNAV-labs/lab3/install/tesse_msgs/local/lib/python3.10/dist-packages/tesse_msgs-0.0.0-py3.10.egg-info
[7.145s] -- Installing: /home/zengine/VNAV-labs/lab3/install/tesse_msgs/local/lib/python3.10/dist-packages/tesse_msgs-0.0.0-py3.10.egg-info/SOURCES.txt
[7.145s] -- Installing: /home/zengine/VNAV-labs/lab3/install/tesse_msgs/local/lib/python3.10/dist-packages/tesse_msgs-0.0.0-py3.10.egg-info/PKG-INFO
[7.145s] -- Installing: /home/zengine/VNAV-labs/lab3/install/tesse_msgs/local/lib/python3.10/dist-packages/tesse_msgs-0.0.0-py3.10.egg-info/top_level.txt
[7.145s] -- Installing: /home/zengine/VNAV-labs/lab3/install/tesse_msgs/local/lib/python3.10/dist-packages/tesse_msgs-0.0.0-py3.10.egg-info/dependency_links.txt
[7.146s] -- Installing: /home/zengine/VNAV-labs/lab3/install/tesse_msgs/local/lib/python3.10/dist-packages/tesse_msgs
[7.146s] -- Installing: /home/zengine/VNAV-labs/lab3/install/tesse_msgs/local/lib/python3.10/dist-packages/tesse_msgs/libtesse_msgs__rosidl_generator_py.so
[7.146s] -- Installing: /home/zengine/VNAV-labs/lab3/install/tesse_msgs/local/lib/python3.10/dist-packages/tesse_msgs/tesse_msgs_s__rosidl_typesupport_fastrtps_c.cpython-310-x86_64-linux-gnu.so
[7.146s] -- Installing: /home/zengine/VNAV-labs/lab3/install/tesse_msgs/local/lib/python3.10/dist-packages/tesse_msgs/__init__.py
[7.146s] -- Installing: /home/zengine/VNAV-labs/lab3/install/tesse_msgs/local/lib/python3.10/dist-packages/tesse_msgs/tesse_msgs_s__rosidl_typesupport_c.cpython-310-x86_64-linux-gnu.so
[7.146s] -- Installing: /home/zengine/VNAV-labs/lab3/install/tesse_msgs/local/lib/python3.10/dist-packages/tesse_msgs/srv
[7.146s] -- Installing: /home/zengine/VNAV-labs/lab3/install/tesse_msgs/local/lib/python3.10/dist-packages/tesse_msgs/srv/_object_spawn_request_service.py
[7.146s] -- Installing: /home/zengine/VNAV-labs/lab3/install/tesse_msgs/local/lib/python3.10/dist-packages/tesse_msgs/srv/__init__.py
[7.146s] -- Installing: /home/zengine/VNAV-labs/lab3/install/tesse_msgs/local/lib/python3.10/dist-packages/tesse_msgs/srv/_object_spawn_request_service_s.c
[7.146s] -- Installing: /home/zengine/VNAV-labs/lab3/install/tesse_msgs/local/lib/python3.10/dist-packages/tesse_msgs/srv/_reposition_request_service_s.c
[7.146s] -- Installing: /home/zengine/VNAV-labs/lab3/install/tesse_msgs/local/lib/python3.10/dist-packages/tesse_msgs/srv/_scene_request_service_s.c
[7.146s] -- Installing: /home/zengine/VNAV-labs/lab3/install/tesse_msgs/local/lib/python3.10/dist-packages/tesse_msgs/srv/_scene_request_service.py
[7.146s] -- Installing: /home/zengine/VNAV-labs/lab3/install/tesse_msgs/local/lib/python3.10/dist-packages/tesse_msgs/srv/_reposition_request_service.py
[7.146s] -- Installing: /home/zengine/VNAV-labs/lab3/install/tesse_msgs/local/lib/python3.10/dist-packages/tesse_msgs/msg
[7.146s] -- Installing: /home/zengine/VNAV-labs/lab3/install/tesse_msgs/local/lib/python3.10/dist-packages/tesse_msgs/msg/_collision_stats.py
[7.146s] -- Installing: /home/zengine/VNAV-labs/lab3/install/tesse_msgs/local/lib/python3.10/dist-packages/tesse_msgs/msg/__init__.py
[7.146s] -- Installing: /home/zengine/VNAV-labs/lab3/install/tesse_msgs/local/lib/python3.10/dist-packages/tesse_msgs/msg/_collision_stats_s.c
[7.146s] -- Installing: /home/zengine/VNAV-labs/lab3/install/tesse_msgs/local/lib/python3.10/dist-packages/tesse_msgs/_tesse_msgs_s.ep.rosidl_typesupport_fastrtps_c.c
[7.146s] -- Installing: /home/zengine/VNAV-labs/lab3/install/tesse_msgs/local/lib/python3.10/dist-packages/tesse_msgs/tesse_msgs_s__rosidl_typesupport_introspection_c.cpython-310-x86_64-linux-gnu.so
[7.146s] -- Installing: /home/zengine/VNAV-labs/lab3/install/tesse_msgs/local/lib/python3.10/dist-packages/tesse_msgs/_tesse_msgs_s.ep.rosidl_typesupport_introspection_c.c
[7.146s] -- Installing: /home/zengine/VNAV-labs/lab3/install/tesse_msgs/local/lib/python3.10/dist-packages/tesse_msgs/_tesse_msgs_s.ep.rosidl_typesupport_c.c
[7.202s] Listing '/home/zengine/VNAV-labs/lab3/install/tesse_msgs/local/lib/python3.10/dist-packages/tesse_msgs'...
[7.202s] Compiling '/home/zengine/VNAV-labs/lab3/install/tesse_msgs/local/lib/python3.10/dist-packages/tesse_msgs/__init__.py'...
[7.202s] Listing '/home/zengine/VNAV-labs/lab3/install/tesse_msgs/local/lib/python3.10/dist-packages/tesse_msgs/msg'...
[7.202s] Compiling '/home/zengine/VNAV-labs/lab3/install/tesse_msgs/local/lib/python3.10/dist-packages/tesse_msgs/msg/__init__.py'...
[7.202s] Compiling '/home/zengine/VNAV-labs/lab3/install/tesse_msgs/local/lib/python3.10/dist-packages/tesse_msgs/msg/_collision_stats.py'...
[7.202s] Listing '/home/zengine/VNAV-labs/lab3/install/tesse_msgs/local/lib/python3.10/dist-packages/tesse_msgs/srv'...
[7.202s] Compiling '/home/zengine/VNAV-labs/lab3/install/tesse_msgs/local/lib/python3.10/dist-packages/tesse_msgs/srv/__init__.py'...
[7.202s] Compiling '/home/zengine/VNAV-labs/lab3/install/tesse_msgs/local/lib/python3.10/dist-packages/tesse_msgs/srv/_object_spawn_request_service.py'...
[7.202s] Compiling '/home/zengine/VNAV-labs/lab3/install/tesse_msgs/local/lib/python3.10/dist-packages/tesse_msgs/srv/_reposition_request_service.py'...
[7.202s] Compiling '/home/zengine/VNAV-labs/lab3/install/tesse_msgs/local/lib/python3.10/dist-packages/tesse_msgs/srv/_scene_request_service.py'...
[7.205s] -- Installing: /home/zengine/VNAV-labs/lab3/install/tesse_msgs/local/lib/python3.10/dist-packages/tesse_msgs/tesse_msgs_s__rosidl_typesupport_fastrtps_c.cpython-310-x86_64-linux-gnu.so
[7.205s] -- Set runtime path of "/home/zengine/VNAV-labs/lab3/install/tesse_msgs/local/lib/python3.10/dist-packages/tesse_msgs/tesse_msgs_s__rosidl_typesupport_fastrtps_c.cpython-310-x86_64-linux-gnu.so" to ""
[7.205s] -- Installing: /home/zengine/VNAV-labs/lab3/install/tesse_msgs/local/lib/python3.10/dist-packages/tesse_msgs/tesse_msgs_s__rosidl_typesupport_introspection_c.cpython-310-x86_64-linux-gnu.so
[7.205s] -- Set runtime path of "/home/zengine/VNAV-labs/lab3/install/tesse_msgs/local/lib/python3.10/dist-packages/tesse_msgs/tesse_msgs_s__rosidl_typesupport_introspection_c.cpython-310-x86_64-linux-gnu.so" to ""
[7.205s] -- Installing: /home/zengine/VNAV-labs/lab3/install/tesse_msgs/local/lib/python3.10/dist-packages/tesse_msgs/tesse_msgs_s__rosidl_typesupport_c.cpython-310-x86_64-linux-gnu.so
[7.205s] -- Set runtime path of "/home/zengine/VNAV-labs/lab3/install/tesse_msgs/local/lib/python3.10/dist-packages/tesse_msgs/tesse_msgs_s__rosidl_typesupport_c.cpython-310-x86_64-linux-gnu.so" to ""
[7.205s] -- Installing: /home/zengine/VNAV-labs/lab3/install/tesse_msgs/lib/libtesse_msgs__rosidl_generator_py.so
[7.205s] -- Set runtime path of "/home/zengine/VNAV-labs/lab3/install/tesse_msgs/lib/libtesse_msgs__rosidl_generator_py.so" to ""
[7.205s] -- Installing: /home/zengine/VNAV-labs/lab3/install/tesse_msgs/share/tesse_msgs/msg/CollisionStats.idl
[7.205s] -- Installing: /home/zengine/VNAV-labs/lab3/install/tesse_msgs/share/tesse_msgs/srv/ObjectSpawnRequestService.idl
[7.205s] -- Installing: /home/zengine/VNAV-labs/lab3/install/tesse_msgs/share/tesse_msgs/srv/RepositionRequestService.idl
[7.206s] -- Installing: /home/zengine/VNAV-labs/lab3/install/tesse_msgs/share/tesse_msgs/srv/SceneRequestService.idl
[7.206s] -- Installing: /home/zengine/VNAV-labs/lab3/install/tesse_msgs/share/tesse_msgs/msg/CollisionStats.msg
[7.206s] -- Installing: /home/zengine/VNAV-labs/lab3/install/tesse_msgs/share/tesse_msgs/srv/ObjectSpawnRequestService.srv
[7.206s] -- Installing: /home/zengine/VNAV-labs/lab3/install/tesse_msgs/share/tesse_msgs/srv/ObjectSpawnRequestService_Request.msg
[7.206s] -- Installing: /home/zengine/VNAV-labs/lab3/install/tesse_msgs/share/tesse_msgs/srv/ObjectSpawnRequestService_Response.msg
[7.206s] -- Installing: /home/zengine/VNAV-labs/lab3/install/tesse_msgs/share/tesse_msgs/srv/RepositionRequestService.srv
[7.206s] -- Installing: /home/zengine/VNAV-labs/lab3/install/tesse_msgs/share/tesse_msgs/srv/RepositionRequestService_Request.msg
[7.206s] -- Installing: /home/zengine/VNAV-labs/lab3/install/tesse_msgs/share/tesse_msgs/srv/RepositionRequestService_Response.msg
[7.206s] -- Installing: /home/zengine/VNAV-labs/lab3/install/tesse_msgs/share/tesse_msgs/srv/SceneRequestService.srv
[7.206s] -- Installing: /home/zengine/VNAV-labs/lab3/install/tesse_msgs/share/tesse_msgs/srv/SceneRequestService_Request.msg
[7.206s] -- Installing: /home/zengine/VNAV-labs/lab3/install/tesse_msgs/share/tesse_msgs/srv/SceneRequestService_Response.msg
[7.206s] -- Installing: /home/zengine/VNAV-labs/lab3/install/tesse_msgs/share/ament_index/resource_index/package_run_dependencies/tesse_msgs
[7.206s] -- Installing: /home/zengine/VNAV-labs/lab3/install/tesse_msgs/share/ament_index/resource_index/parent_prefix_path/tesse_msgs
[7.206s] -- Installing: /home/zengine/VNAV-labs/lab3/install/tesse_msgs/share/tesse_msgs/environment/ament_prefix_path.sh
[7.206s] -- Installing: /home/zengine/VNAV-labs/lab3/install/tesse_msgs/share/tesse_msgs/environment/ament_prefix_path.dsv
[7.206s] -- Installing: /home/zengine/VNAV-labs/lab3/install/tesse_msgs/share/tesse_msgs/environment/path.sh
[7.207s] -- Installing: /home/zengine/VNAV-labs/lab3/install/tesse_msgs/share/tesse_msgs/environment/path.dsv
[7.207s] -- Installing: /home/zengine/VNAV-labs/lab3/install/tesse_msgs/share/tesse_msgs/local_setup.bash
[7.207s] -- Installing: /home/zengine/VNAV-labs/lab3/install/tesse_msgs/share/tesse_msgs/local_setup.sh
[7.207s] -- Installing: /home/zengine/VNAV-labs/lab3/install/tesse_msgs/share/tesse_msgs/local_setup.zsh
[7.207s] -- Installing: /home/zengine/VNAV-labs/lab3/install/tesse_msgs/share/tesse_msgs/local_setup.dsv
[7.207s] -- Installing: /home/zengine/VNAV-labs/lab3/install/tesse_msgs/share/tesse_msgs/package.dsv
[7.207s] -- Installing: /home/zengine/VNAV-labs/lab3/install/tesse_msgs/share/ament_index/resource_index/packages/tesse_msgs
[7.207s] -- Installing: /home/zengine/VNAV-labs/lab3/install/tesse_msgs/share/tesse_msgs/cmake/export_tesse_msgs__rosidl_generator_cExport.cmake
[7.207s] -- Installing: /home/zengine/VNAV-labs/lab3/install/tesse_msgs/share/tesse_msgs/cmake/export_tesse_msgs__rosidl_generator_cExport-noconfig.cmake
[7.207s] -- Installing: /home/zengine/VNAV-labs/lab3/install/tesse_msgs/share/tesse_msgs/cmake/export_tesse_msgs__rosidl_typesupport_fastrtps_cExport.cmake
[7.207s] -- Installing: /home/zengine/VNAV-labs/lab3/install/tesse_msgs/share/tesse_msgs/cmake/export_tesse_msgs__rosidl_typesupport_fastrtps_cExport-noconfig.cmake
[7.207s] -- Installing: /home/zengine/VNAV-labs/lab3/install/tesse_msgs/share/tesse_msgs/cmake/export_tesse_msgs__rosidl_generator_cppExport.cmake
[7.207s] -- Installing: /home/zengine/VNAV-labs/lab3/install/tesse_msgs/share/tesse_msgs/cmake/export_tesse_msgs__rosidl_typesupport_fastrtps_cppExport.cmake
[7.207s] -- Installing: /home/zengine/VNAV-labs/lab3/install/tesse_msgs/share/tesse_msgs/cmake/export_tesse_msgs__rosidl_typesupport_fastrtps_cppExport-noconfig.cmake
[7.207s] -- Installing: /home/zengine/VNAV-labs/lab3/install/tesse_msgs/share/tesse_msgs/cmake/tesse_msgs__rosidl_typesupport_introspection_cExport.cmake
[7.207s] -- Installing: /home/zengine/VNAV-labs/lab3/install/tesse_msgs/share/tesse_msgs/cmake/tesse_msgs__rosidl_typesupport_introspection_cExport-noconfig.cmake
[7.208s] -- Installing: /home/zengine/VNAV-labs/lab3/install/tesse_msgs/share/tesse_msgs/cmake/tesse_msgs__rosidl_typesupport_cExport.cmake
[7.208s] -- Installing: /home/zengine/VNAV-labs/lab3/install/tesse_msgs/share/tesse_msgs/cmake/tesse_msgs__rosidl_typesupport_cExport-noconfig.cmake
[7.208s] -- Installing: /home/zengine/VNAV-labs/lab3/install/tesse_msgs/share/tesse_msgs/cmake/tesse_msgs__rosidl_typesupport_introspection_cppExport.cmake
[7.208s] -- Installing: /home/zengine/VNAV-labs/lab3/install/tesse_msgs/share/tesse_msgs/cmake/tesse_msgs__rosidl_typesupport_introspection_cppExport-noconfig.cmake
[7.208s] -- Installing: /home/zengine/VNAV-labs/lab3/install/tesse_msgs/share/tesse_msgs/cmake/tesse_msgs__rosidl_typesupport_cppExport.cmake
[7.208s] -- Installing: /home/zengine/VNAV-labs/lab3/install/tesse_msgs/share/tesse_msgs/cmake/tesse_msgs__rosidl_typesupport_cppExport-noconfig.cmake
[7.208s] -- Installing: /home/zengine/VNAV-labs/lab3/install/tesse_msgs/share/tesse_msgs/cmake/export_tesse_msgs__rosidl_generator_pyExport.cmake
[7.208s] -- Installing: /home/zengine/VNAV-labs/lab3/install/tesse_msgs/share/tesse_msgs/cmake/export_tesse_msgs__rosidl_generator_pyExport-noconfig.cmake
[7.208s] -- Installing: /home/zengine/VNAV-labs/lab3/install/tesse_msgs/share/tesse_msgs/cmake/rosidl_cmake-extras.cmake
[7.208s] -- Installing: /home/zengine/VNAV-labs/lab3/install/tesse_msgs/share/tesse_msgs/cmake/ament_cmake_export_dependencies-extras.cmake
[7.208s] -- Installing: /home/zengine/VNAV-labs/lab3/install/tesse_msgs/share/tesse_msgs/cmake/ament_cmake_export_include_directories-extras.cmake
[7.208s] -- Installing: /home/zengine/VNAV-labs/lab3/install/tesse_msgs/share/tesse_msgs/cmake/ament_cmake_export_libraries-extras.cmake
[7.208s] -- Installing: /home/zengine/VNAV-labs/lab3/install/tesse_msgs/share/tesse_msgs/cmake/ament_cmake_export_targets-extras.cmake
[7.208s] -- Installing: /home/zengine/VNAV-labs/lab3/install/tesse_msgs/share/tesse_msgs/cmake/rosidl_cmake_export_typesupport_targets-extras.cmake
[7.208s] -- Installing: /home/zengine/VNAV-labs/lab3/install/tesse_msgs/share/tesse_msgs/cmake/rosidl_cmake_export_typesupport_libraries-extras.cmake
[7.208s] -- Installing: /home/zengine/VNAV-labs/lab3/install/tesse_msgs/share/tesse_msgs/cmake/tesse_msgsConfig.cmake
[7.208s] -- Installing: /home/zengine/VNAV-labs/lab3/install/tesse_msgs/share/tesse_msgs/cmake/tesse_msgsConfig-version.cmake
[7.208s] -- Installing: /home/zengine/VNAV-labs/lab3/install/tesse_msgs/share/tesse_msgs/package.xml
[7.209s] Invoked command in '/home/zengine/VNAV-labs/lab3/build/tesse_msgs' returned '0': CMAKE_PREFIX_PATH=${CMAKE_PREFIX_PATH}:/home/zengine/vnav_ws/src/install/tesse_ros_bridge:/opt/ros/humble /usr/bin/cmake --install /home/zengine/VNAV-labs/lab3/build/tesse_msgs
